<?xml version="1.0" encoding="UTF-8"?>
<!-- Generated by org.testng.reporters.JUnitXMLReporter -->
<testsuite ignored="0" hostname="KP" failures="1" tests="3" name="Tutorials Ninja Test Cases" time="7.444" errors="0" timestamp="2023-11-13T10:40:59 IST">
  <testcase classname="com.tutorialninja.testcases.Search" name="verifySearchWithValidProduct" time="0.455"/>
  <testcase classname="com.tutorialninja.testcases.Search" name="verifySearchWithInvalidProduct" time="0.433">
    <failure type="java.lang.AssertionError" message="expected [There is no product thatt matches the search criteria.] but found [There is no product that matches the search criteria.]">
      <![CDATA[java.lang.AssertionError: expected [There is no product thatt matches the search criteria.] but found [There is no product that matches the search criteria.]
at com.tutorialninja.testcases.Search.verifySearchWithInvalidProduct(Search.java:46)
at java.base/java.util.ArrayList.forEach(ArrayList.java:1511)
... Removed 33 stack frames]]>
    </failure>
  </testcase> <!-- verifySearchWithInvalidProduct -->
  <testcase classname="com.tutorialninja.testcases.Search" name="verifySearchWithoutAnyProduct" time="0.0">
    <skipped/>
  </testcase> <!-- verifySearchWithoutAnyProduct -->
</testsuite> <!-- Tutorials Ninja Test Cases -->
